The target system is: Emscripten - 1 - x86
The host system is: Linux - 4.5.1-1-ARCH - x86_64
Performing C++ SOURCE FILE Test ENTITYX_HAVE_CXX11_STDLIB succeeded with the following output:
Change Dir: /home/svenstaro/prj/innojam9/build-web/CMakeFiles/CMakeTmp

Run Build Command:"/usr/bin/make" "cmTC_c6358/fast"
make[1]: Entering directory '/home/svenstaro/prj/innojam9/build-web/CMakeFiles/CMakeTmp'
/usr/bin/make -f CMakeFiles/cmTC_c6358.dir/build.make CMakeFiles/cmTC_c6358.dir/build
make[2]: Entering directory '/home/svenstaro/prj/innojam9/build-web/CMakeFiles/CMakeTmp'
Building CXX object CMakeFiles/cmTC_c6358.dir/src.cxx.o
/usr/lib/emscripten/em++     -pedantic -Werror -Wall -Wextra -Wno-unused-parameter -Wno-error=unused-variable -Wno-error=sign-compare -std=c++11 -stdlib=libc++ -DENTITYX_HAVE_CXX11_STDLIB -s ERROR_ON_UNDEFINED_SYMBOLS=1   -o CMakeFiles/cmTC_c6358.dir/src.cxx.o -c /home/svenstaro/prj/innojam9/build-web/CMakeFiles/CMakeTmp/src.cxx
Linking CXX executable cmTC_c6358.js
/usr/bin/cmake -E cmake_link_script CMakeFiles/cmTC_c6358.dir/link.txt --verbose=1
/usr/lib/emscripten/em++    -pedantic -Werror -Wall -Wextra -Wno-unused-parameter -Wno-error=unused-variable -Wno-error=sign-compare -std=c++11 -stdlib=libc++ -DENTITYX_HAVE_CXX11_STDLIB -s ERROR_ON_UNDEFINED_SYMBOLS=1    @CMakeFiles/cmTC_c6358.dir/objects1.rsp  -o cmTC_c6358.js  
make[2]: Leaving directory '/home/svenstaro/prj/innojam9/build-web/CMakeFiles/CMakeTmp'
make[1]: Leaving directory '/home/svenstaro/prj/innojam9/build-web/CMakeFiles/CMakeTmp'

Source file was:

#include <memory>

int main() {
    std::shared_ptr<int>();
}

Determining if the include file stdint.h exists passed with the following output:
Change Dir: /home/svenstaro/prj/innojam9/build-web/CMakeFiles/CMakeTmp

Run Build Command:"/usr/bin/make" "cmTC_b1356/fast"
make[1]: Entering directory '/home/svenstaro/prj/innojam9/build-web/CMakeFiles/CMakeTmp'
/usr/bin/make -f CMakeFiles/cmTC_b1356.dir/build.make CMakeFiles/cmTC_b1356.dir/build
make[2]: Entering directory '/home/svenstaro/prj/innojam9/build-web/CMakeFiles/CMakeTmp'
Building C object CMakeFiles/cmTC_b1356.dir/CheckIncludeFile.c.o
/usr/lib/emscripten/emcc    -s ERROR_ON_UNDEFINED_SYMBOLS=1   -o CMakeFiles/cmTC_b1356.dir/CheckIncludeFile.c.o   -c /home/svenstaro/prj/innojam9/build-web/CMakeFiles/CMakeTmp/CheckIncludeFile.c
Linking C executable cmTC_b1356.js
/usr/bin/cmake -E cmake_link_script CMakeFiles/cmTC_b1356.dir/link.txt --verbose=1
/usr/lib/emscripten/emcc   -s ERROR_ON_UNDEFINED_SYMBOLS=1    @CMakeFiles/cmTC_b1356.dir/objects1.rsp  -o cmTC_b1356.js  
make[2]: Leaving directory '/home/svenstaro/prj/innojam9/build-web/CMakeFiles/CMakeTmp'
make[1]: Leaving directory '/home/svenstaro/prj/innojam9/build-web/CMakeFiles/CMakeTmp'


